nohup: ignoring input
2019-05-16 13:54:51.327+0000 INFO  ======== Neo4j 3.5.5 ========
2019-05-16 13:54:51.371+0000 INFO  Starting...
2019-05-16 13:54:56.609+0000 INFO  Bolt enabled on 127.0.0.1:7687.
2019-05-16 13:54:58.570+0000 INFO  Started.
2019-05-16 13:54:59.842+0000 INFO  Remote interface available at http://localhost:7474/
2019-05-16 13:55:10.002+0000 WARN  The client is unauthorized due to authentication failure.
2019-05-16 14:08:40.015+0000 WARN  The client is unauthorized due to authentication failure.
2019-05-16 14:08:40.437+0000 WARN  The client is unauthorized due to authentication failure.
2019-05-16 14:09:16.888+0000 WARN  The client is unauthorized due to authentication failure.
2019-05-16 14:09:17.152+0000 WARN  The client is unauthorized due to authentication failure.
2019-05-16 14:10:03.383+0000 WARN  The client is unauthorized due to authentication failure.
2019-05-16 14:10:03.773+0000 WARN  The client is unauthorized due to authentication failure.
2019-05-16 14:15:44.922+0000 WARN  The client is unauthorized due to authentication failure.
2019-05-16 14:15:45.306+0000 WARN  The client is unauthorized due to authentication failure.
nohup: ignoring input
2019-05-16 14:17:02.465+0000 INFO  ======== Neo4j 3.5.5 ========
2019-05-16 14:17:02.496+0000 INFO  Starting...
nohup: ignoring input
2019-05-16 14:27:52.194+0000 INFO  ======== Neo4j 3.5.5 ========
2019-05-16 14:27:52.209+0000 INFO  Starting...
nohup: ignoring input
2019-05-16 14:33:49.542+0000 WARN  The client is unauthorized due to authentication failure.
2019-05-16 14:33:49.831+0000 WARN  The client is unauthorized due to authentication failure.
2019-05-16 14:33:58.226+0000 WARN  The client is unauthorized due to authentication failure.
nohup: ignoring input
nohup: ignoring input
nohup: ignoring input
nohup: ignoring input
nohup: ignoring input
nohup: ignoring input
nohup: ignoring input
2019-05-16 16:58:18.425+0000 WARN  The client is unauthorized due to authentication failure.
2019-05-16 16:58:18.796+0000 WARN  The client is unauthorized due to authentication failure.
nohup: ignoring input
nohup: ignoring input
nohup: ignoring input
nohup: ignoring input
nohup: ignoring input
2019-05-17 07:28:40.896+0000 INFO  ======== Neo4j 3.5.5 ========
2019-05-17 07:28:40.974+0000 INFO  Starting...
2019-05-17 07:28:46.690+0000 INFO  Bolt enabled on 127.0.0.1:7687.
2019-05-17 07:28:48.478+0000 INFO  Started.
2019-05-17 07:28:49.882+0000 INFO  Remote interface available at http://localhost:7474/
